15:32:12.716 [main] INFO  testCases.TC03_LoginDD - ----User enters invalid user name-----
15:32:13.044 [main] INFO  testCases.TC03_LoginDD - ----Finished Invalid Email Test-----
15:32:14.951 [main] INFO  testCases.TC03_LoginDD - ----TC_Invalid_Valid_Login_Credentials-----
15:32:16.095 [main] INFO  testCases.TC03_LoginDD - ----User enters invalid user name-----
15:32:16.478 [main] INFO  testCases.TC03_LoginDD - ----Finished Invalid Email Test-----
15:54:34.256 [main] INFO  testCases.TC_Invalid_Valid_Login_Credentials - ----TC_Invalid_Valid_Login_Credentials-----
15:54:36.277 [main] INFO  testCases.TC_Invalid_Valid_Login_Credentials - ----User enters invalid user name-----
15:54:39.840 [main] INFO  testCases.TC_Invalid_Valid_Login_Credentials - ----user Enter invalid PAssword-----
15:54:46.111 [main] INFO  testCases.TC03_LoginDD - ----TC_Invalid_Valid_Login_Credentials-----
15:54:47.270 [main] INFO  testCases.TC03_LoginDD - ----User enters invalid user name-----
15:55:17.589 [main] ERROR testCases.TC03_LoginDD - Error while clicking login buttonno such element: Unable to locate element: {"method":"xpath","selector":"//*[contains(text(),'Categories')]"}
  (Session info: chrome=135.0.7049.117)
For documentation on this error, please visit: https://www.selenium.dev/documentation/webdriver/troubleshooting/errors#no-such-element-exception
Build info: version: '4.25.0', revision: '8a8aea2337'
System info: os.name: 'Windows 11', os.arch: 'amd64', os.version: '10.0', java.version: '17.0.12'
Driver info: org.openqa.selenium.chrome.ChromeDriver
Command: [90a80db104158c8ce75548735afd51c9, findElement {value=//*[contains(text(),'Categories')], using=xpath}]
Capabilities {acceptInsecureCerts: false, browserName: chrome, browserVersion: 135.0.7049.117, chrome: {chromedriverVersion: 135.0.7049.84 (6c019e560019..., userDataDir: C:\Users\shank\AppData\Loca...}, fedcm:accounts: true, goog:chromeOptions: {debuggerAddress: localhost:60034}, networkConnectionEnabled: false, pageLoadStrategy: normal, platformName: windows, proxy: Proxy(), se:cdp: ws://localhost:60034/devtoo..., se:cdpVersion: 135.0.7049.117, setWindowRect: true, strictFileInteractability: false, timeouts: {implicit: 0, pageLoad: 300000, script: 30000}, unhandledPromptBehavior: dismiss and notify, webauthn:extension:credBlob: true, webauthn:extension:largeBlob: true, webauthn:extension:minPinLength: true, webauthn:extension:prf: true, webauthn:virtualAuthenticators: true}
Session ID: 90a80db104158c8ce75548735afd51c9
15:55:17.610 [main] INFO  testCases.TC03_LoginDD - ----Finished Invalid Email Test-----
15:55:19.475 [main] INFO  testCases.TC03_LoginDD - ----TC_Invalid_Valid_Login_Credentials-----
15:55:22.693 [main] INFO  testCases.TC03_LoginDD - ----TC_Invalid_Valid_Login_Credentials-----
15:55:23.858 [main] INFO  testCases.TC03_LoginDD - ----User enters invalid user name-----
15:55:24.277 [main] INFO  testCases.TC03_LoginDD - ----Finished Invalid Email Test-----
15:56:16.229 [main] INFO  testCases.TC_Invalid_Valid_Login_Credentials - ----TC_Invalid_Valid_Login_Credentials-----
15:56:17.409 [main] INFO  testCases.TC_Invalid_Valid_Login_Credentials - ----User enters invalid user name-----
15:56:20.805 [main] INFO  testCases.TC_Invalid_Valid_Login_Credentials - ----user Enter invalid PAssword-----
15:56:27.159 [main] INFO  testCases.TC03_LoginDD - ----TC_Invalid_Valid_Login_Credentials-----
15:56:28.310 [main] INFO  testCases.TC03_LoginDD - ----User enters invalid user name-----
15:56:58.596 [main] ERROR testCases.TC03_LoginDD - Error while clicking login buttonno such element: Unable to locate element: {"method":"xpath","selector":"//*[contains(text(),'Categories')]"}
  (Session info: chrome=135.0.7049.117)
For documentation on this error, please visit: https://www.selenium.dev/documentation/webdriver/troubleshooting/errors#no-such-element-exception
Build info: version: '4.25.0', revision: '8a8aea2337'
System info: os.name: 'Windows 11', os.arch: 'amd64', os.version: '10.0', java.version: '17.0.12'
Driver info: org.openqa.selenium.chrome.ChromeDriver
Command: [9dd9dae2adfdb4d51c945fa8256ad652, findElement {value=//*[contains(text(),'Categories')], using=xpath}]
Capabilities {acceptInsecureCerts: false, browserName: chrome, browserVersion: 135.0.7049.117, chrome: {chromedriverVersion: 135.0.7049.84 (6c019e560019..., userDataDir: C:\Users\shank\AppData\Loca...}, fedcm:accounts: true, goog:chromeOptions: {debuggerAddress: localhost:60282}, networkConnectionEnabled: false, pageLoadStrategy: normal, platformName: windows, proxy: Proxy(), se:cdp: ws://localhost:60282/devtoo..., se:cdpVersion: 135.0.7049.117, setWindowRect: true, strictFileInteractability: false, timeouts: {implicit: 0, pageLoad: 300000, script: 30000}, unhandledPromptBehavior: dismiss and notify, webauthn:extension:credBlob: true, webauthn:extension:largeBlob: true, webauthn:extension:minPinLength: true, webauthn:extension:prf: true, webauthn:virtualAuthenticators: true}
Session ID: 9dd9dae2adfdb4d51c945fa8256ad652
