14:53:09.795 [main] INFO  org.testng.internal.Utils - [Utils] MethodGroupsHelper.collectMethodsByGroup() took 0 ms.
14:53:09.813 [main] INFO  org.testng.internal.Utils - [Utils] MethodGroupsHelper.sortMethods() took 0 ms.
14:53:09.813 [main] INFO  org.testng.internal.Utils - [Utils] MethodGroupsHelper.collectMethodsByGroup() took 0 ms.
14:53:09.813 [main] INFO  org.testng.internal.Utils - [Utils] MethodGroupsHelper.sortMethods() took 0 ms.
14:53:09.826 [main] INFO  org.testng.internal.Utils - [TestNG] Running:
  C:\Users\shank\AppData\Local\Temp\testng-eclipse--1912589204\testng-customsuite.xml

14:53:09.857 [main] INFO  org.testng.internal.Utils - [Utils] DynamicGraphHelper.createDynamicGraph() took 7 ms.
14:53:14.779 [main] INFO  testCases.TC_Invalid_Valid_Login_Credentials - ----TC_Invalid_Valid_Login_Credentials-----
14:53:15.019 [main] INFO  testCases.TC_Invalid_Valid_Login_Credentials - ----TC_Invalid_Valid_Login_Credentials-----
14:53:16.190 [main] INFO  testCases.TC_Invalid_Valid_Login_Credentials - ----User enters invalid user name-----
14:53:16.304 [main] INFO  testCases.TC_Invalid_Valid_Login_Credentials - ----User enters invalid user name-----
14:53:47.486 [main] INFO  org.testng.internal.Utils - [TestNG] Time taken by org.testng.reporters.jq.Main@55b8dbda: 103 ms
14:53:47.512 [main] INFO  org.testng.internal.Utils - [TestNG] Time taken by org.testng.reporters.FailedReporter@f2e4acf: 25 ms
14:53:47.530 [main] INFO  org.testng.internal.Utils - [TestNG] Time taken by org.testng.reporters.XMLReporter@5ac7aa18: 18 ms
14:53:47.542 [main] INFO  org.testng.internal.Utils - [TestNG] Time taken by org.testng.reporters.EmailableReporter2@325bb9a6: 11 ms
14:53:47.557 [main] INFO  org.testng.internal.Utils - [TestNG] Time taken by org.testng.reporters.JUnitReportReporter@1e9804b9: 14 ms
14:53:47.557 [main] INFO  org.testng.internal.Utils - [TestNG] Time taken by org.testng.internal.ExitCodeListener@543e593: 0 ms
14:53:48.331 [main] INFO  org.testng.internal.Utils - [TestNG] Time taken by org.testng.reporters.jq.Main@3766c667: 100 ms
14:53:48.357 [main] INFO  org.testng.internal.Utils - [TestNG] Time taken by org.testng.reporters.FailedReporter@226b143b: 26 ms
14:53:48.376 [main] INFO  org.testng.internal.Utils - [TestNG] Time taken by org.testng.reporters.XMLReporter@27fde870: 19 ms
14:53:48.392 [main] INFO  org.testng.internal.Utils - [TestNG] Time taken by org.testng.reporters.EmailableReporter2@6a10b263: 16 ms
14:53:48.410 [main] INFO  org.testng.internal.Utils - [TestNG] Time taken by org.testng.reporters.JUnitReportReporter@248deced: 18 ms
14:53:48.410 [main] INFO  org.testng.internal.Utils - [TestNG] Time taken by org.testng.internal.ExitCodeListener@2227a6c1: 0 ms
14:56:04.769 [main] INFO  org.testng.internal.Utils - [TestNG] Running:
  C:\Users\shank\eclipse-workspace\Medicare\grouping.xml

14:56:08.079 [main] INFO  testCases.TC_Invalid_Valid_Login_Credentials - ----TC_Invalid_Valid_Login_Credentials-----
14:56:09.293 [main] INFO  testCases.TC_Invalid_Valid_Login_Credentials - ----User enters invalid user name-----
14:56:13.134 [main] INFO  testCases.TC_Invalid_Valid_Login_Credentials - ----user Enter invalid PAssword-----
14:56:17.370 [main] INFO  testCases.TC_Invalid_Valid_Login_Credentials - ----user Enter valid Username and Password-----
14:56:36.651 [main] INFO  testCases.TC03_LoginDD - ----TC_Invalid_Valid_Login_Credentials-----
14:56:37.799 [main] INFO  testCases.TC03_LoginDD - ----User enters invalid user name-----
14:56:53.376 [main] ERROR testCases.TC03_LoginDD - Error while clicking login buttonno such element: Unable to locate element: {"method":"xpath","selector":"//*[contains(text(),'Categories')]"}
  (Session info: chrome=135.0.7049.115)
For documentation on this error, please visit: https://www.selenium.dev/documentation/webdriver/troubleshooting/errors#no-such-element-exception
Build info: version: '4.25.0', revision: '8a8aea2337'
System info: os.name: 'Windows 11', os.arch: 'amd64', os.version: '10.0', java.version: '17.0.12'
Driver info: org.openqa.selenium.chrome.ChromeDriver
Command: [0bdaa90003d0caac035c3d2434e2ea95, findElement {using=xpath, value=//*[contains(text(),'Categories')]}]
Capabilities {acceptInsecureCerts: false, browserName: chrome, browserVersion: 135.0.7049.115, chrome: {chromedriverVersion: 135.0.7049.84 (6c019e560019..., userDataDir: C:\Users\shank\AppData\Loca...}, fedcm:accounts: true, goog:chromeOptions: {debuggerAddress: localhost:59110}, networkConnectionEnabled: false, pageLoadStrategy: normal, platformName: windows, proxy: Proxy(), se:cdp: ws://localhost:59110/devtoo..., se:cdpVersion: 135.0.7049.115, setWindowRect: true, strictFileInteractability: false, timeouts: {implicit: 0, pageLoad: 300000, script: 30000}, unhandledPromptBehavior: dismiss and notify, webauthn:extension:credBlob: true, webauthn:extension:largeBlob: true, webauthn:extension:minPinLength: true, webauthn:extension:prf: true, webauthn:virtualAuthenticators: true}
Session ID: 0bdaa90003d0caac035c3d2434e2ea95
